#
# There is insufficient memory for the Java Runtime Environment to continue.
# Native memory allocation (malloc) failed to allocate 333376 bytes. Error detail: Chunk::new
# Possible reasons:
#   The system is out of physical RAM or swap space
#   This process is running with CompressedOops enabled, and the Java Heap may be blocking the growth of the native heap
# Possible solutions:
#   Reduce memory load on the system
#   Increase physical memory or swap space
#   Check if swap backing store is full
#   Decrease Java heap size (-Xmx/-Xms)
#   Decrease number of Java threads
#   Decrease Java thread stack sizes (-Xss)
#   Set larger code cache with -XX:ReservedCodeCacheSize=
#   JVM is running with Unscaled Compressed Oops mode in which the Java heap is
#     placed in the first 4GB address space. The Java Heap base address is the
#     maximum limit for the native heap growth. Please use -XX:HeapBaseMinAddress
#     to set the Java Heap base and to place the Java Heap above 4GB virtual address.
# This output file may be truncated or incomplete.
#
#  Out of Memory Error (arena.cpp:168), pid=19688, tid=20032
#
# JRE version: OpenJDK Runtime Environment Temurin-21.0.8+9 (21.0.8+9) (build 21.0.8+9-LTS)
# Java VM: OpenJDK 64-Bit Server VM Temurin-21.0.8+9 (21.0.8+9-LTS, mixed mode, sharing, tiered, compressed oops, compressed class ptrs, parallel gc, windows-amd64)
# No core dump will be written. Minidumps are not enabled by default on client versions of Windows
#

---------------  S U M M A R Y ------------

Command Line: --add-modules=ALL-SYSTEM --add-opens=java.base/java.util=ALL-UNNAMED --add-opens=java.base/java.lang=ALL-UNNAMED --add-opens=java.base/sun.nio.fs=ALL-UNNAMED -Declipse.application=org.eclipse.jdt.ls.core.id1 -Dosgi.bundles.defaultStartLevel=4 -Declipse.product=org.eclipse.jdt.ls.core.product -Djava.import.generatesMetadataFilesAtProjectRoot=false -DDetectVMInstallationsJob.disabled=true -Dfile.encoding=utf8 -XX:+UseParallelGC -XX:GCTimeRatio=4 -XX:AdaptiveSizePolicyWeight=90 -Dsun.zip.disableMemoryMapping=true -Xmx2G -Xms100m -Xlog:disable -javaagent:c:\Users\sanki\.vscode\extensions\redhat.java-1.47.0-win32-x64\lombok\lombok-1.18.39-4050.jar -XX:+HeapDumpOnOutOfMemoryError -XX:HeapDumpPath=c:\Users\sanki\AppData\Roaming\Code\User\workspaceStorage\02faac158a32ddbcefe4bf6664db273e\redhat.java -Daether.dependencyCollector.impl=bf c:\Users\sanki\.vscode\extensions\redhat.java-1.47.0-win32-x64\server\plugins\org.eclipse.equinox.launcher_1.7.100.v20251014-1222.jar -configuration c:\Users\sanki\AppData\Roaming\Code\User\globalStorage\redhat.java\1.47.0\config_win -data c:\Users\sanki\AppData\Roaming\Code\User\workspaceStorage\02faac158a32ddbcefe4bf6664db273e\redhat.java\jdt_ws --pipe=\\.\pipe\lsp-f2eec952d258831ccbdb6a8731304807-sock

Host: 11th Gen Intel(R) Core(TM) i3-1115G4 @ 3.00GHz, 4 cores, 7G,  Windows 11 , 64 bit Build 26100 (10.0.26100.7019)
Time: Sun Nov  9 11:01:19 2025 India Standard Time elapsed time: 2.155621 seconds (0d 0h 0m 2s)

---------------  T H R E A D  ---------------

Current thread (0x0000013bce20db00):  JavaThread "C2 CompilerThread0" daemon [_thread_in_native, id=20032, stack(0x0000001f07e00000,0x0000001f07f00000) (1024K)]


Current CompileTask:
C2:2155 1048   !   4       java.util.jar.Attributes::read (494 bytes)

Stack: [0x0000001f07e00000,0x0000001f07f00000]
Native frames: (J=compiled Java code, j=interpreted, Vv=VM code, C=native code)
V  [jvm.dll+0x6d2449]
V  [jvm.dll+0x8ae341]
V  [jvm.dll+0x8b08be]
V  [jvm.dll+0x8b0fa3]
V  [jvm.dll+0x280c96]
V  [jvm.dll+0xc581d]
V  [jvm.dll+0xc5d53]
V  [jvm.dll+0x2f539d]
V  [jvm.dll+0x5fa00a]
V  [jvm.dll+0x252092]
V  [jvm.dll+0x25244f]
V  [jvm.dll+0x24ad14]
V  [jvm.dll+0x2483a4]
V  [jvm.dll+0x1c89ee]
V  [jvm.dll+0x257d4d]
V  [jvm.dll+0x2562ea]
V  [jvm.dll+0x3f2d16]
V  [jvm.dll+0x857e6b]
V  [jvm.dll+0x6d0b0d]
C  [ucrtbase.dll+0x37b0]
C  [KERNEL32.DLL+0x2e8d7]
C  [ntdll.dll+0x8c53c]


---------------  P R O C E S S  ---------------

Threads class SMR info:
_java_thread_list=0x0000013bea2dfae0, length=12, elements={
0x0000013bcbee87a0, 0x0000013bce1f3750, 0x0000013bce1f7220, 0x0000013bce1f7e70,
0x0000013bce1f85d0, 0x0000013bce1fbfb0, 0x0000013bce1fef00, 0x0000013bce20db00,
0x0000013bce2205b0, 0x0000013be589a130, 0x0000013be5b26220, 0x0000013bea236fd0
}

Java Threads: ( => current thread )
  0x0000013bcbee87a0 JavaThread "main"                              [_thread_in_native, id=10580, stack(0x0000001f07400000,0x0000001f07500000) (1024K)]
  0x0000013bce1f3750 JavaThread "Reference Handler"          daemon [_thread_blocked, id=10676, stack(0x0000001f07800000,0x0000001f07900000) (1024K)]
  0x0000013bce1f7220 JavaThread "Finalizer"                  daemon [_thread_blocked, id=17956, stack(0x0000001f07900000,0x0000001f07a00000) (1024K)]
  0x0000013bce1f7e70 JavaThread "Signal Dispatcher"          daemon [_thread_blocked, id=18476, stack(0x0000001f07a00000,0x0000001f07b00000) (1024K)]
  0x0000013bce1f85d0 JavaThread "Attach Listener"            daemon [_thread_blocked, id=21936, stack(0x0000001f07b00000,0x0000001f07c00000) (1024K)]
  0x0000013bce1fbfb0 JavaThread "Service Thread"             daemon [_thread_blocked, id=1320, stack(0x0000001f07c00000,0x0000001f07d00000) (1024K)]
  0x0000013bce1fef00 JavaThread "Monitor Deflation Thread"   daemon [_thread_blocked, id=7036, stack(0x0000001f07d00000,0x0000001f07e00000) (1024K)]
=>0x0000013bce20db00 JavaThread "C2 CompilerThread0"         daemon [_thread_in_native, id=20032, stack(0x0000001f07e00000,0x0000001f07f00000) (1024K)]
  0x0000013bce2205b0 JavaThread "C1 CompilerThread0"         daemon [_thread_blocked, id=20048, stack(0x0000001f07f00000,0x0000001f08000000) (1024K)]
  0x0000013be589a130 JavaThread "Common-Cleaner"             daemon [_thread_blocked, id=220, stack(0x0000001f08000000,0x0000001f08100000) (1024K)]
  0x0000013be5b26220 JavaThread "Notification Thread"        daemon [_thread_blocked, id=14292, stack(0x0000001f08100000,0x0000001f08200000) (1024K)]
  0x0000013bea236fd0 JavaThread "C2 CompilerThread1"         daemon [_thread_blocked, id=4948, stack(0x0000001f08200000,0x0000001f08300000) (1024K)]
Total: 12

Other Threads:
  0x0000013bce3bd9e0 VMThread "VM Thread"                           [id=10900, stack(0x0000001f07700000,0x0000001f07800000) (1024K)]
  0x0000013bce369aa0 WatcherThread "VM Periodic Task Thread"        [id=3452, stack(0x0000001f07600000,0x0000001f07700000) (1024K)]
  0x0000013bce31c020 WorkerThread "GC Thread#0"                     [id=22532, stack(0x0000001f07500000,0x0000001f07600000) (1024K)]
Total: 3

Threads with active compile tasks:
C2 CompilerThread0  2186 1048   !   4       java.util.jar.Attributes::read (494 bytes)
Total: 1

VM state: not at safepoint (normal execution)

VM Mutex/Monitor currently owned by a thread: None

Heap address: 0x0000000080000000, size: 2048 MB, Compressed Oops mode: 32-bit

CDS archive(s) mapped at: [0x0000013b80000000-0x0000013b80ba0000-0x0000013b80ba0000), size 12189696, SharedBaseAddress: 0x0000013b80000000, ArchiveRelocationMode: 1.
Compressed class space mapped at: 0x0000013b81000000-0x0000013bc1000000, reserved size: 1073741824
Narrow klass base: 0x0000013b80000000, Narrow klass shift: 0, Narrow klass range: 0x100000000

GC Precious Log:
 CardTable entry size: 512
 CPUs: 4 total, 4 available
 Memory: 7885M
 Large Page Support: Disabled
 NUMA Support: Disabled
 Compressed Oops: Enabled (32-bit)
 Alignments: Space 512K, Generation 512K, Heap 2M
 Heap Min Capacity: 100M
 Heap Initial Capacity: 100M
 Heap Max Capacity: 2G
 Pre-touch: Disabled
 Parallel Workers: 4

Heap:
 PSYoungGen      total 29696K, used 25600K [0x00000000d5580000, 0x00000000d7680000, 0x0000000100000000)
  eden space 25600K, 100% used [0x00000000d5580000,0x00000000d6e80000,0x00000000d6e80000)
  from space 4096K, 0% used [0x00000000d7280000,0x00000000d7280000,0x00000000d7680000)
  to   space 4096K, 0% used [0x00000000d6e80000,0x00000000d6e80000,0x00000000d7280000)
 ParOldGen       total 68608K, used 0K [0x0000000080000000, 0x0000000084300000, 0x00000000d5580000)
  object space 68608K, 0% used [0x0000000080000000,0x0000000080000000,0x0000000084300000)
 Metaspace       used 4361K, committed 4608K, reserved 1114112K
  class space    used 473K, committed 576K, reserved 1048576K

Card table byte_map: [0x0000013bcdca0000,0x0000013bce0b0000] _byte_map_base: 0x0000013bcd8a0000

Marking Bits: (ParMarkBitMap*) 0x00007ffd96daa340
 Begin Bits: [0x0000013be07a0000, 0x0000013be27a0000)
 End Bits:   [0x0000013be27a0000, 0x0000013be47a0000)

Polling page: 0x0000013bcd910000

Metaspace:

Usage:
  Non-class:      3.80 MB used.
      Class:    473.15 KB used.
       Both:      4.26 MB used.

Virtual space:
  Non-class space:       64.00 MB reserved,       3.94 MB (  6%) committed,  1 nodes.
      Class space:        1.00 GB reserved,     576.00 KB ( <1%) committed,  1 nodes.
             Both:        1.06 GB reserved,       4.50 MB ( <1%) committed. 

Chunk freelists:
   Non-Class:  11.12 MB
       Class:  15.44 MB
        Both:  26.56 MB

MaxMetaspaceSize: unlimited
CompressedClassSpaceSize: 1.00 GB
Initial GC threshold: 21.00 MB
Current GC threshold: 21.00 MB
CDS: on
 - commit_granule_bytes: 65536.
 - commit_granule_words: 8192.
 - virtual_space_node_default_size: 8388608.
 - enlarge_chunks_in_place: 1.
 - use_allocation_guard: 0.


Internal statistics:

num_allocs_failed_limit: 0.
num_arena_births: 184.
num_arena_deaths: 0.
num_vsnodes_births: 2.
num_vsnodes_deaths: 0.
num_space_committed: 72.
num_space_uncommitted: 0.
num_chunks_returned_to_freelist: 0.
num_chunks_taken_from_freelist: 252.
num_chunk_merges: 0.
num_chunk_splits: 160.
num_chunks_enlarged: 92.
num_inconsistent_stats: 0.

CodeHeap 'non-profiled nmethods': size=120000Kb used=423Kb max_used=423Kb free=119576Kb
 bounds [0x0000013bd8fc0000, 0x0000013bd9230000, 0x0000013be04f0000]
CodeHeap 'profiled nmethods': size=120000Kb used=1747Kb max_used=1747Kb free=118252Kb
 bounds [0x0000013bd14f0000, 0x0000013bd1760000, 0x0000013bd8a20000]
CodeHeap 'non-nmethods': size=5760Kb used=1203Kb max_used=1217Kb free=4556Kb
 bounds [0x0000013bd8a20000, 0x0000013bd8c90000, 0x0000013bd8fc0000]
CodeCache: size=245760Kb, used=3373Kb, max_used=3387Kb, free=242384Kb
 total_blobs=1547, nmethods=1092, adapters=362, full_count=0
Compilation: enabled, stopped_count=0, restarted_count=0

Compilation events (20 events):
Event: 2.020 Thread 0x0000013bce2205b0 1069       3       java.util.jar.Attributes::clone (9 bytes)
Event: 2.021 Thread 0x0000013bce2205b0 nmethod 1069 0x0000013bd169a190 code [0x0000013bd169a380, 0x0000013bd169a808]
Event: 2.021 Thread 0x0000013bce2205b0 1070       3       java.util.jar.Attributes::<init> (17 bytes)
Event: 2.021 Thread 0x0000013bce2205b0 nmethod 1070 0x0000013bd169aa10 code [0x0000013bd169abe0, 0x0000013bd169afb0]
Event: 2.031 Thread 0x0000013bce2205b0 1072       3       jdk.internal.util.ArraysSupport::vectorizedMismatch (268 bytes)
Event: 2.032 Thread 0x0000013bce2205b0 nmethod 1072 0x0000013bd169b190 code [0x0000013bd169b380, 0x0000013bd169b7b0]
Event: 2.032 Thread 0x0000013bea236fd0 1054       4       java.util.HashMap::putVal (300 bytes)
Event: 2.033 Thread 0x0000013bce2205b0 1073       3       sun.security.util.DerOutputStream::<init> (5 bytes)
Event: 2.034 Thread 0x0000013bce2205b0 nmethod 1073 0x0000013bd169b910 code [0x0000013bd169bac0, 0x0000013bd169bc60]
Event: 2.034 Thread 0x0000013bce2205b0 1074       3       java.util.ArrayList::toArray (57 bytes)
Event: 2.034 Thread 0x0000013bce2205b0 nmethod 1074 0x0000013bd169bd10 code [0x0000013bd169bf00, 0x0000013bd169c428]
Event: 2.034 Thread 0x0000013bce2205b0 1075       3       java.util.Arrays::hashCode (60 bytes)
Event: 2.035 Thread 0x0000013bce2205b0 nmethod 1075 0x0000013bd169c590 code [0x0000013bd169c760, 0x0000013bd169c9e8]
Event: 2.035 Thread 0x0000013bce2205b0 1076       3       java.util.Arrays::copyOfRange (25 bytes)
Event: 2.036 Thread 0x0000013bce2205b0 nmethod 1076 0x0000013bd169cb10 code [0x0000013bd169cdc0, 0x0000013bd169d968]
Event: 2.038 Thread 0x0000013bce2205b0 1077       3       sun.security.provider.DigestBase::implCompressMultiBlock0 (23 bytes)
Event: 2.038 Thread 0x0000013bce2205b0 nmethod 1077 0x0000013bd169dd90 code [0x0000013bd169df40, 0x0000013bd169e1e8]
Event: 2.040 Thread 0x0000013bce2205b0 1079       3       java.math.BigInteger::montReduce (99 bytes)
Event: 2.040 Thread 0x0000013bce2205b0 nmethod 1079 0x0000013bd169e310 code [0x0000013bd169e520, 0x0000013bd169e9d0]
Event: 2.041 Thread 0x0000013bce2205b0 1080       3       java.lang.invoke.DirectMethodHandle::allocateInstance (16 bytes)

GC Heap History (0 events):
No events

Dll operation events (8 events):
Event: 0.015 Loaded shared library c:\Users\sanki\.vscode\extensions\redhat.java-1.47.0-win32-x64\jre\21.0.8-win32-x86_64\bin\java.dll
Event: 0.118 Loaded shared library c:\Users\sanki\.vscode\extensions\redhat.java-1.47.0-win32-x64\jre\21.0.8-win32-x86_64\bin\zip.dll
Event: 0.146 Loaded shared library C:\Users\sanki\.vscode\extensions\redhat.java-1.47.0-win32-x64\jre\21.0.8-win32-x86_64\bin\instrument.dll
Event: 0.150 Loaded shared library C:\Users\sanki\.vscode\extensions\redhat.java-1.47.0-win32-x64\jre\21.0.8-win32-x86_64\bin\net.dll
Event: 0.153 Loaded shared library C:\Users\sanki\.vscode\extensions\redhat.java-1.47.0-win32-x64\jre\21.0.8-win32-x86_64\bin\nio.dll
Event: 0.157 Loaded shared library C:\Users\sanki\.vscode\extensions\redhat.java-1.47.0-win32-x64\jre\21.0.8-win32-x86_64\bin\zip.dll
Event: 0.175 Loaded shared library C:\Users\sanki\.vscode\extensions\redhat.java-1.47.0-win32-x64\jre\21.0.8-win32-x86_64\bin\jimage.dll
Event: 0.273 Loaded shared library c:\Users\sanki\.vscode\extensions\redhat.java-1.47.0-win32-x64\jre\21.0.8-win32-x86_64\bin\verify.dll

Deoptimization events (20 events):
Event: 2.022 Thread 0x0000013bcbee87a0 DEOPT PACKING pc=0x0000013bd166e131 sp=0x0000001f074fdc40
Event: 2.022 Thread 0x0000013bcbee87a0 DEOPT UNPACKING pc=0x0000013bd8a778e2 sp=0x0000001f074fd0b8 mode 0
Event: 2.022 Thread 0x0000013bcbee87a0 DEOPT PACKING pc=0x0000013bd166e131 sp=0x0000001f074fdc40
Event: 2.022 Thread 0x0000013bcbee87a0 DEOPT UNPACKING pc=0x0000013bd8a778e2 sp=0x0000001f074fd0b8 mode 0
Event: 2.022 Thread 0x0000013bcbee87a0 DEOPT PACKING pc=0x0000013bd166e131 sp=0x0000001f074fdc40
Event: 2.022 Thread 0x0000013bcbee87a0 DEOPT UNPACKING pc=0x0000013bd8a778e2 sp=0x0000001f074fd0b8 mode 0
Event: 2.022 Thread 0x0000013bcbee87a0 DEOPT PACKING pc=0x0000013bd166e131 sp=0x0000001f074fdc40
Event: 2.022 Thread 0x0000013bcbee87a0 DEOPT UNPACKING pc=0x0000013bd8a778e2 sp=0x0000001f074fd0b8 mode 0
Event: 2.022 Thread 0x0000013bcbee87a0 DEOPT PACKING pc=0x0000013bd166e131 sp=0x0000001f074fdc40
Event: 2.022 Thread 0x0000013bcbee87a0 DEOPT UNPACKING pc=0x0000013bd8a778e2 sp=0x0000001f074fd0b8 mode 0
Event: 2.022 Thread 0x0000013bcbee87a0 DEOPT PACKING pc=0x0000013bd166e131 sp=0x0000001f074fdc40
Event: 2.022 Thread 0x0000013bcbee87a0 DEOPT UNPACKING pc=0x0000013bd8a778e2 sp=0x0000001f074fd0b8 mode 0
Event: 2.022 Thread 0x0000013bcbee87a0 DEOPT PACKING pc=0x0000013bd166e131 sp=0x0000001f074fdc40
Event: 2.022 Thread 0x0000013bcbee87a0 DEOPT UNPACKING pc=0x0000013bd8a778e2 sp=0x0000001f074fd0b8 mode 0
Event: 2.022 Thread 0x0000013bcbee87a0 DEOPT PACKING pc=0x0000013bd166e131 sp=0x0000001f074fdc40
Event: 2.022 Thread 0x0000013bcbee87a0 DEOPT UNPACKING pc=0x0000013bd8a778e2 sp=0x0000001f074fd0b8 mode 0
Event: 2.033 Thread 0x0000013bcbee87a0 Uncommon trap: trap_request=0xffffffc6 fr.pc=0x0000013bd901eed0 relative=0x00000000000002f0
Event: 2.033 Thread 0x0000013bcbee87a0 Uncommon trap: reason=bimorphic_or_optimized_type_check action=maybe_recompile pc=0x0000013bd901eed0 method=java.util.HashMap.getNode(Ljava/lang/Object;)Ljava/util/HashMap$Node; @ 128 c2
Event: 2.033 Thread 0x0000013bcbee87a0 DEOPT PACKING pc=0x0000013bd901eed0 sp=0x0000001f074fd3d0
Event: 2.033 Thread 0x0000013bcbee87a0 DEOPT UNPACKING pc=0x0000013bd8a76da2 sp=0x0000001f074fd348 mode 2

Classes loaded (20 events):
Event: 2.029 Loading class jdk/internal/logger/LazyLoggers$LazyLoggerWrapper
Event: 2.029 Loading class jdk/internal/logger/AbstractLoggerWrapper
Event: 2.029 Loading class jdk/internal/logger/AbstractLoggerWrapper done
Event: 2.029 Loading class jdk/internal/logger/LazyLoggers$LazyLoggerWrapper done
Event: 2.029 Loading class jdk/internal/logger/LazyLoggers$JdkLazyLogger done
Event: 2.029 Loading class jdk/internal/logger/LazyLoggers$LazyLoggerAccessor
Event: 2.029 Loading class jdk/internal/logger/LazyLoggers$LoggerAccessor
Event: 2.029 Loading class jdk/internal/logger/LazyLoggers$LoggerAccessor done
Event: 2.029 Loading class jdk/internal/logger/LazyLoggers$LazyLoggerAccessor done
Event: 2.030 Loading class jdk/internal/logger/SurrogateLogger
Event: 2.030 Loading class jdk/internal/logger/SimpleConsoleLogger
Event: 2.030 Loading class sun/util/logging/PlatformLogger$ConfigurableBridge$LoggerConfiguration
Event: 2.030 Loading class sun/util/logging/PlatformLogger$ConfigurableBridge$LoggerConfiguration done
Event: 2.030 Loading class jdk/internal/logger/SimpleConsoleLogger done
Event: 2.030 Loading class jdk/internal/logger/SurrogateLogger done
Event: 2.030 Loading class sun/util/logging/PlatformLogger
Event: 2.030 Loading class sun/util/logging/PlatformLogger done
Event: 2.030 Loading class sun/util/logging/PlatformLogger$Level
Event: 2.031 Loading class sun/util/logging/PlatformLogger$Level done
Event: 2.041 Loading class java/io/BufferedReader

Classes unloaded (0 events):
No events

Classes redefined (0 events):
No events

Internal exceptions (20 events):
Event: 0.232 Thread 0x0000013bcbee87a0 Exception <a 'java/lang/NoSuchMethodError'{0x00000000d59f8710}: 'int java.lang.invoke.DirectMethodHandle$Holder.invokeSpecial(java.lang.Object, java.lang.Object, java.lang.Object)'> (0x00000000d59f8710) 
thrown [s\src\hotspot\share\interpreter\linkResolver.cpp, line 773]
Event: 0.234 Thread 0x0000013bcbee87a0 Exception <a 'java/lang/NoSuchMethodError'{0x00000000d5a043d0}: 'java.lang.Object java.lang.invoke.DirectMethodHandle$Holder.invokeStatic(java.lang.Object, java.lang.Object, int)'> (0x00000000d5a043d0) 
thrown [s\src\hotspot\share\interpreter\linkResolver.cpp, line 773]
Event: 0.236 Thread 0x0000013bcbee87a0 Exception <a 'java/lang/NoSuchMethodError'{0x00000000d5a08d20}: 'void java.lang.invoke.DirectMethodHandle$Holder.invokeStatic(java.lang.Object, java.lang.Object, int, java.lang.Object)'> (0x00000000d5a08d20) 
thrown [s\src\hotspot\share\interpreter\linkResolver.cpp, line 773]
Event: 0.236 Thread 0x0000013bcbee87a0 Exception <a 'java/lang/NoSuchMethodError'{0x00000000d5a0c8b0}: 'void java.lang.invoke.DirectMethodHandle$Holder.invokeSpecial(java.lang.Object, java.lang.Object, java.lang.Object, int, java.lang.Object)'> (0x00000000d5a0c8b0) 
thrown [s\src\hotspot\share\interpreter\linkResolver.cpp, line 773]
Event: 0.236 Thread 0x0000013bcbee87a0 Exception <a 'java/lang/NoSuchMethodError'{0x00000000d5a0fd20}: 'void java.lang.invoke.DelegatingMethodHandle$Holder.delegate(java.lang.Object, java.lang.Object, int, java.lang.Object)'> (0x00000000d5a0fd20) 
thrown [s\src\hotspot\share\interpreter\linkResolver.cpp, line 773]
Event: 0.301 Thread 0x0000013bcbee87a0 Exception <a 'java/lang/NoSuchMethodError'{0x00000000d5bcef88}: 'void java.lang.invoke.DelegatingMethodHandle$Holder.reinvoke_L(java.lang.Object, java.lang.Object, java.lang.Object, int)'> (0x00000000d5bcef88) 
thrown [s\src\hotspot\share\interpreter\linkResolver.cpp, line 773]
Event: 0.552 Thread 0x0000013bcbee87a0 Exception <a 'java/lang/NoSuchMethodError'{0x00000000d605a3d8}: 'void java.lang.invoke.DirectMethodHandle$Holder.invokeVirtual(java.lang.Object, java.lang.Object)'> (0x00000000d605a3d8) 
thrown [s\src\hotspot\share\interpreter\linkResolver.cpp, line 773]
Event: 1.054 Thread 0x0000013bcbee87a0 Exception <a 'java/lang/NoSuchMethodError'{0x00000000d642e538}: 'void java.lang.invoke.DirectMethodHandle$Holder.invokeStatic(java.lang.Object, java.lang.Object)'> (0x00000000d642e538) 
thrown [s\src\hotspot\share\interpreter\linkResolver.cpp, line 773]
Event: 1.137 Thread 0x0000013bcbee87a0 Exception <a 'java/lang/ClassNotFoundException'{0x00000000d6453fb0}: sun/net/www/protocol/c/Handler> (0x00000000d6453fb0) 
thrown [s\src\hotspot\share\classfile\systemDictionary.cpp, line 312]
Event: 1.169 Thread 0x0000013bcbee87a0 Exception <a 'java/io/FileNotFoundException'{0x00000000d64b0ff8}> (0x00000000d64b0ff8) 
thrown [s\src\hotspot\share\prims\jni.cpp, line 520]
Event: 1.169 Thread 0x0000013bcbee87a0 Exception <a 'java/io/FileNotFoundException'{0x00000000d64b2360}> (0x00000000d64b2360) 
thrown [s\src\hotspot\share\prims\jni.cpp, line 520]
Event: 1.170 Thread 0x0000013bcbee87a0 Exception <a 'java/io/FileNotFoundException'{0x00000000d64b2fd8}> (0x00000000d64b2fd8) 
thrown [s\src\hotspot\share\prims\jni.cpp, line 520]
Event: 1.170 Thread 0x0000013bcbee87a0 Exception <a 'java/io/FileNotFoundException'{0x00000000d64b3b18}> (0x00000000d64b3b18) 
thrown [s\src\hotspot\share\prims\jni.cpp, line 520]
Event: 1.176 Thread 0x0000013bcbee87a0 Implicit null exception at 0x0000013bd8fee124 to 0x0000013bd8fee724
Event: 1.197 Thread 0x0000013bcbee87a0 Exception <a 'java/io/FileNotFoundException'{0x00000000d64ebf68}> (0x00000000d64ebf68) 
thrown [s\src\hotspot\share\prims\jni.cpp, line 520]
Event: 1.231 Thread 0x0000013bcbee87a0 Exception <a 'java/lang/NoSuchMethodError'{0x00000000d6524360}: 'java.lang.Object java.lang.invoke.DirectMethodHandle$Holder.invokeInterface(java.lang.Object, java.lang.Object)'> (0x00000000d6524360) 
thrown [s\src\hotspot\share\interpreter\linkResolver.cpp, line 773]
Event: 1.239 Thread 0x0000013bcbee87a0 Exception <a 'java/lang/NoSuchMethodError'{0x00000000d6537970}: 'java.lang.Object java.lang.invoke.Invokers$Holder.invokeExact_MT(java.lang.Object, java.lang.Object, java.lang.Object, java.lang.Object, java.lang.Object, java.lang.Object)'> (0x00000000d6537970) 
thrown [s\src\hotspot\share\interpreter\linkResolver.cpp, line 773]
Event: 1.250 Thread 0x0000013bcbee87a0 Exception <a 'java/lang/NoSuchMethodError'{0x00000000d654ebc8}: 'int java.lang.invoke.DirectMethodHandle$Holder.invokeStatic(java.lang.Object, java.lang.Object, java.lang.Object, java.lang.Object, java.lang.Object)'> (0x00000000d654ebc8) 
thrown [s\src\hotspot\share\interpreter\linkResolver.cpp, line 773]
Event: 1.287 Thread 0x0000013bcbee87a0 Exception <a 'java/lang/NoSuchMethodError'{0x00000000d65e3830}: 'java.lang.Object java.lang.invoke.DirectMethodHandle$Holder.invokeInterface(java.lang.Object, java.lang.Object, int)'> (0x00000000d65e3830) 
thrown [s\src\hotspot\share\interpreter\linkResolver.cpp, line 773]
Event: 1.968 Thread 0x0000013bcbee87a0 Exception <a 'java/lang/NoSuchMethodError'{0x00000000d6a4a798}: 'java.lang.ClassLoader java.lang.ClassLoader.getPlatformClassLoader(java.lang.Class)'> (0x00000000d6a4a798) 
thrown [s\src\hotspot\share\interpreter\linkResolver.cpp, line 773]

ZGC Phase Switch (0 events):
No events

VM Operations (10 events):
Event: 0.116 Executing VM operation: HandshakeAllThreads (Deoptimize)
Event: 0.116 Executing VM operation: HandshakeAllThreads (Deoptimize) done
Event: 0.194 Executing VM operation: HandshakeAllThreads (Deoptimize)
Event: 0.194 Executing VM operation: HandshakeAllThreads (Deoptimize) done
Event: 0.854 Executing VM operation: HandshakeAllThreads (Deoptimize)
Event: 0.854 Executing VM operation: HandshakeAllThreads (Deoptimize) done
Event: 0.969 Executing VM operation: HandshakeAllThreads (Deoptimize)
Event: 0.969 Executing VM operation: HandshakeAllThreads (Deoptimize) done
Event: 1.979 Executing VM operation: Cleanup
Event: 1.979 Executing VM operation: Cleanup done

Memory protections (0 events):
No events

Nmethod flushes (0 events):
No events

Events (12 events):
Event: 0.042 Thread 0x0000013bcbee87a0 Thread added: 0x0000013bcbee87a0
Event: 0.062 Thread 0x0000013bcbee87a0 Thread added: 0x0000013bce1f3750
Event: 0.062 Thread 0x0000013bcbee87a0 Thread added: 0x0000013bce1f7220
Event: 0.062 Thread 0x0000013bcbee87a0 Thread added: 0x0000013bce1f7e70
Event: 0.062 Thread 0x0000013bcbee87a0 Thread added: 0x0000013bce1f85d0
Event: 0.062 Thread 0x0000013bcbee87a0 Thread added: 0x0000013bce1fbfb0
Event: 0.062 Thread 0x0000013bcbee87a0 Thread added: 0x0000013bce1fef00
Event: 0.062 Thread 0x0000013bcbee87a0 Thread added: 0x0000013bce20db00
Event: 0.063 Thread 0x0000013bcbee87a0 Thread added: 0x0000013bce2205b0
Event: 0.095 Thread 0x0000013bcbee87a0 Thread added: 0x0000013be589a130
Event: 0.417 Thread 0x0000013bcbee87a0 Thread added: 0x0000013be5b26220
Event: 2.032 Thread 0x0000013bce2205b0 Thread added: 0x0000013bea236fd0


Dynamic libraries:
0x00007ff61f020000 - 0x00007ff61f02e000 	c:\Users\sanki\.vscode\extensions\redhat.java-1.47.0-win32-x64\jre\21.0.8-win32-x86_64\bin\java.exe
0x00007ffe33320000 - 0x00007ffe33588000 	C:\WINDOWS\SYSTEM32\ntdll.dll
0x00007ffe31c70000 - 0x00007ffe31d39000 	C:\WINDOWS\System32\KERNEL32.DLL
0x00007ffe30470000 - 0x00007ffe30868000 	C:\WINDOWS\System32\KERNELBASE.dll
0x00007ffe308a0000 - 0x00007ffe309eb000 	C:\WINDOWS\System32\ucrtbase.dll
0x00007ffe0dd50000 - 0x00007ffe0dd68000 	c:\Users\sanki\.vscode\extensions\redhat.java-1.47.0-win32-x64\jre\21.0.8-win32-x86_64\bin\jli.dll
0x00007ffe31160000 - 0x00007ffe31327000 	C:\WINDOWS\System32\USER32.dll
0x00007ffe0d3c0000 - 0x00007ffe0d3de000 	c:\Users\sanki\.vscode\extensions\redhat.java-1.47.0-win32-x64\jre\21.0.8-win32-x86_64\bin\VCRUNTIME140.dll
0x00007ffe30870000 - 0x00007ffe30897000 	C:\WINDOWS\System32\win32u.dll
0x00007ffe19c60000 - 0x00007ffe19ef4000 	C:\WINDOWS\WinSxS\amd64_microsoft.windows.common-controls_6595b64144ccf1df_6.0.26100.7019_none_3e06ffa0e335b8a8\COMCTL32.dll
0x00007ffe31130000 - 0x00007ffe3115b000 	C:\WINDOWS\System32\GDI32.dll
0x00007ffe31780000 - 0x00007ffe31829000 	C:\WINDOWS\System32\msvcrt.dll
0x00007ffe30be0000 - 0x00007ffe30d0c000 	C:\WINDOWS\System32\gdi32full.dll
0x00007ffe30a80000 - 0x00007ffe30b23000 	C:\WINDOWS\System32\msvcp_win.dll
0x00007ffe32b40000 - 0x00007ffe32b71000 	C:\WINDOWS\System32\IMM32.DLL
0x00007ffe1f9f0000 - 0x00007ffe1f9fc000 	c:\Users\sanki\.vscode\extensions\redhat.java-1.47.0-win32-x64\jre\21.0.8-win32-x86_64\bin\vcruntime140_1.dll
0x00007ffddcdb0000 - 0x00007ffddce3d000 	c:\Users\sanki\.vscode\extensions\redhat.java-1.47.0-win32-x64\jre\21.0.8-win32-x86_64\bin\msvcp140.dll
0x00007ffd960f0000 - 0x00007ffd96e87000 	c:\Users\sanki\.vscode\extensions\redhat.java-1.47.0-win32-x64\jre\21.0.8-win32-x86_64\bin\server\jvm.dll
0x00007ffe316c0000 - 0x00007ffe31774000 	C:\WINDOWS\System32\ADVAPI32.dll
0x00007ffe321f0000 - 0x00007ffe32296000 	C:\WINDOWS\System32\sechost.dll
0x00007ffe31560000 - 0x00007ffe31678000 	C:\WINDOWS\System32\RPCRT4.dll
0x00007ffe31a10000 - 0x00007ffe31a84000 	C:\WINDOWS\System32\WS2_32.dll
0x00007ffe302d0000 - 0x00007ffe3032e000 	C:\WINDOWS\SYSTEM32\POWRPROF.dll
0x00007ffe1bd80000 - 0x00007ffe1bdb5000 	C:\WINDOWS\SYSTEM32\WINMM.dll
0x00007ffe1e5d0000 - 0x00007ffe1e5db000 	C:\WINDOWS\SYSTEM32\VERSION.dll
0x00007ffe302b0000 - 0x00007ffe302c4000 	C:\WINDOWS\SYSTEM32\UMPDC.dll
0x00007ffe2f230000 - 0x00007ffe2f24b000 	C:\WINDOWS\SYSTEM32\kernel.appcore.dll
0x00007ffe1f9a0000 - 0x00007ffe1f9aa000 	c:\Users\sanki\.vscode\extensions\redhat.java-1.47.0-win32-x64\jre\21.0.8-win32-x86_64\bin\jimage.dll
0x00007ffe2dce0000 - 0x00007ffe2df22000 	C:\WINDOWS\SYSTEM32\DBGHELP.DLL
0x00007ffe32740000 - 0x00007ffe32acb000 	C:\WINDOWS\System32\combase.dll
0x00007ffe31a90000 - 0x00007ffe31b67000 	C:\WINDOWS\System32\OLEAUT32.dll
0x00007ffe0cd00000 - 0x00007ffe0cd3c000 	C:\WINDOWS\SYSTEM32\dbgcore.DLL
0x00007ffe30b30000 - 0x00007ffe30bd5000 	C:\WINDOWS\System32\bcryptPrimitives.dll
0x00007ffe1fa70000 - 0x00007ffe1fa7f000 	c:\Users\sanki\.vscode\extensions\redhat.java-1.47.0-win32-x64\jre\21.0.8-win32-x86_64\bin\instrument.dll
0x00007ffe0ae30000 - 0x00007ffe0ae4f000 	c:\Users\sanki\.vscode\extensions\redhat.java-1.47.0-win32-x64\jre\21.0.8-win32-x86_64\bin\java.dll
0x00007ffe32b80000 - 0x00007ffe332d1000 	C:\WINDOWS\System32\SHELL32.dll
0x00007ffe30d10000 - 0x00007ffe30e7b000 	C:\WINDOWS\System32\wintypes.dll
0x00007ffe2e090000 - 0x00007ffe2e8ed000 	C:\WINDOWS\SYSTEM32\windows.storage.dll
0x00007ffe313a0000 - 0x00007ffe31492000 	C:\WINDOWS\System32\SHCORE.dll
0x00007ffe310c0000 - 0x00007ffe31127000 	C:\WINDOWS\System32\shlwapi.dll
0x00007ffe30390000 - 0x00007ffe303b9000 	C:\WINDOWS\SYSTEM32\profapi.dll
0x00007ffe084c0000 - 0x00007ffe084d8000 	c:\Users\sanki\.vscode\extensions\redhat.java-1.47.0-win32-x64\jre\21.0.8-win32-x86_64\bin\zip.dll
0x00007ffe1f4b0000 - 0x00007ffe1f4c0000 	C:\Users\sanki\.vscode\extensions\redhat.java-1.47.0-win32-x64\jre\21.0.8-win32-x86_64\bin\net.dll
0x00007ffe21610000 - 0x00007ffe21738000 	C:\WINDOWS\SYSTEM32\WINHTTP.dll
0x00007ffe2f7a0000 - 0x00007ffe2f80b000 	C:\WINDOWS\system32\mswsock.dll
0x00007ffe084a0000 - 0x00007ffe084b6000 	C:\Users\sanki\.vscode\extensions\redhat.java-1.47.0-win32-x64\jre\21.0.8-win32-x86_64\bin\nio.dll
0x00007ffe1fa60000 - 0x00007ffe1fa70000 	c:\Users\sanki\.vscode\extensions\redhat.java-1.47.0-win32-x64\jre\21.0.8-win32-x86_64\bin\verify.dll

JVMTI agents:
c:\Users\sanki\.vscode\extensions\redhat.java-1.47.0-win32-x64\lombok\lombok-1.18.39-4050.jar path:c:\Users\sanki\.vscode\extensions\redhat.java-1.47.0-win32-x64\jre\21.0.8-win32-x86_64\bin\instrument.dll, loaded, initialized, instrumentlib options:none

dbghelp: loaded successfully - version: 4.0.5 - missing functions: none
symbol engine: initialized successfully - sym options: 0x614 - pdb path: .;c:\Users\sanki\.vscode\extensions\redhat.java-1.47.0-win32-x64\jre\21.0.8-win32-x86_64\bin;C:\WINDOWS\SYSTEM32;C:\WINDOWS\WinSxS\amd64_microsoft.windows.common-controls_6595b64144ccf1df_6.0.26100.7019_none_3e06ffa0e335b8a8;c:\Users\sanki\.vscode\extensions\redhat.java-1.47.0-win32-x64\jre\21.0.8-win32-x86_64\bin\server

VM Arguments:
jvm_args: --add-modules=ALL-SYSTEM --add-opens=java.base/java.util=ALL-UNNAMED --add-opens=java.base/java.lang=ALL-UNNAMED --add-opens=java.base/sun.nio.fs=ALL-UNNAMED -Declipse.application=org.eclipse.jdt.ls.core.id1 -Dosgi.bundles.defaultStartLevel=4 -Declipse.product=org.eclipse.jdt.ls.core.product -Djava.import.generatesMetadataFilesAtProjectRoot=false -DDetectVMInstallationsJob.disabled=true -Dfile.encoding=utf8 -XX:+UseParallelGC -XX:GCTimeRatio=4 -XX:AdaptiveSizePolicyWeight=90 -Dsun.zip.disableMemoryMapping=true -Xmx2G -Xms100m -Xlog:disable -javaagent:c:\Users\sanki\.vscode\extensions\redhat.java-1.47.0-win32-x64\lombok\lombok-1.18.39-4050.jar -XX:+HeapDumpOnOutOfMemoryError -XX:HeapDumpPath=c:\Users\sanki\AppData\Roaming\Code\User\workspaceStorage\02faac158a32ddbcefe4bf6664db273e\redhat.java -Daether.dependencyCollector.impl=bf 
java_command: c:\Users\sanki\.vscode\extensions\redhat.java-1.47.0-win32-x64\server\plugins\org.eclipse.equinox.launcher_1.7.100.v20251014-1222.jar -configuration c:\Users\sanki\AppData\Roaming\Code\User\globalStorage\redhat.java\1.47.0\config_win -data c:\Users\sanki\AppData\Roaming\Code\User\workspaceStorage\02faac158a32ddbcefe4bf6664db273e\redhat.java\jdt_ws --pipe=\\.\pipe\lsp-f2eec952d258831ccbdb6a8731304807-sock
java_class_path (initial): c:\Users\sanki\.vscode\extensions\redhat.java-1.47.0-win32-x64\server\plugins\org.eclipse.equinox.launcher_1.7.100.v20251014-1222.jar
Launcher Type: SUN_STANDARD

[Global flags]
    uintx AdaptiveSizePolicyWeight                 = 90                                        {product} {command line}
     intx CICompilerCount                          = 3                                         {product} {ergonomic}
    uintx GCTimeRatio                              = 4                                         {product} {command line}
     bool HeapDumpOnOutOfMemoryError               = true                                   {manageable} {command line}
    ccstr HeapDumpPath                             = c:\Users\sanki\AppData\Roaming\Code\User\workspaceStorage\02faac158a32ddbcefe4bf6664db273e\redhat.java         {manageable} {command line}
   size_t InitialHeapSize                          = 104857600                                 {product} {command line}
   size_t MaxHeapSize                              = 2147483648                                {product} {command line}
   size_t MaxNewSize                               = 715653120                                 {product} {ergonomic}
   size_t MinHeapDeltaBytes                        = 524288                                    {product} {ergonomic}
   size_t MinHeapSize                              = 104857600                                 {product} {command line}
   size_t NewSize                                  = 34603008                                  {product} {ergonomic}
    uintx NonNMethodCodeHeapSize                   = 5832780                                {pd product} {ergonomic}
    uintx NonProfiledCodeHeapSize                  = 122912730                              {pd product} {ergonomic}
   size_t OldSize                                  = 70254592                                  {product} {ergonomic}
    uintx ProfiledCodeHeapSize                     = 122912730                              {pd product} {ergonomic}
    uintx ReservedCodeCacheSize                    = 251658240                              {pd product} {ergonomic}
     bool SegmentedCodeCache                       = true                                      {product} {ergonomic}
   size_t SoftMaxHeapSize                          = 2147483648                             {manageable} {ergonomic}
     bool UseCompressedOops                        = true                           {product lp64_product} {ergonomic}
     bool UseLargePagesIndividualAllocation        = false                                  {pd product} {ergonomic}
     bool UseParallelGC                            = true                                      {product} {command line}

Logging:
Log output configuration:
 #0: stdout all=off uptime,level,tags foldmultilines=false
 #1: stderr all=off uptime,level,tags foldmultilines=false

Environment Variables:
PATH=C:\Program Files\Common Files\Oracle\Java\javapath;C:\WINDOWS\system32;C:\WINDOWS;C:\WINDOWS\System32\Wbem;C:\WINDOWS\System32\WindowsPowerShell\v1.0\;C:\WINDOWS\System32\OpenSSH\;C:\Program Files\dotnet\;C:\Program Files\Java\jdk-21\bin;C:\Program Files\Java\jdk-21\bin;C:\Program Files\Git\cmd;C:\Program Files\nodejs\;C:\Users\sanki\OneDrive\Documents\apache-maven-3.9.11-bin\apache-maven-3.9.11\bin;;C:\Program Files\Docker\Docker\resources\bin;C:\Users\sanki\AppData\Local\Microsoft\WindowsApps;C:\Program Files\Common Files\Oracle\Java\javapath;C:\Users\sanki\AppData\Local\Programs\Microsoft VS Code\bin;C:\Users\sanki\AppData\Roaming\npm
USERNAME=sanki
OS=Windows_NT
PROCESSOR_IDENTIFIER=Intel64 Family 6 Model 140 Stepping 1, GenuineIntel
TMP=C:\Users\sanki\AppData\Local\Temp
TEMP=C:\Users\sanki\AppData\Local\Temp




Periodic native trim disabled

---------------  S Y S T E M  ---------------

OS:
 Windows 11 , 64 bit Build 26100 (10.0.26100.7019)
OS uptime: 1 days 12:02 hours
Hyper-V role detected

CPU: total 4 (initial active 4) (2 cores per cpu, 2 threads per core) family 6 model 140 stepping 1 microcode 0x9a, cx8, cmov, fxsr, ht, mmx, 3dnowpref, sse, sse2, sse3, ssse3, sse4.1, sse4.2, popcnt, lzcnt, tsc, tscinvbit, avx, avx2, aes, erms, clmul, bmi1, bmi2, adx, avx512f, avx512dq, avx512cd, avx512bw, avx512vl, sha, fma, vzeroupper, avx512_vpopcntdq, avx512_vpclmulqdq, avx512_vaes, avx512_vnni, clflush, clflushopt, clwb, avx512_vbmi2, avx512_vbmi, hv, rdtscp, rdpid, fsrm, gfni, avx512_bitalg, f16c, cet_ibt, cet_ss, avx512_ifma
Processor Information for processor 0
  Max Mhz: 2995, Current Mhz: 2995, Mhz Limit: 2995
Processor Information for processor 1
  Max Mhz: 2995, Current Mhz: 1198, Mhz Limit: 2995
Processor Information for processor 2
  Max Mhz: 2995, Current Mhz: 2995, Mhz Limit: 2995
Processor Information for processor 3
  Max Mhz: 2995, Current Mhz: 2995, Mhz Limit: 2995

Memory: 4k page, system-wide physical 7885M (616M free)
TotalPageFile size 32461M (AvailPageFile size 1M)
current process WorkingSet (physical memory assigned to process): 75M, peak: 75M
current process commit charge ("private bytes"): 220M, peak: 220M

vm_info: OpenJDK 64-Bit Server VM (21.0.8+9-LTS) for windows-amd64 JRE (21.0.8+9-LTS), built on 2025-07-15T00:00:00Z by "admin" with MS VC++ 17.7 (VS2022)

END.
